<?xml version="1.0" encoding="UTF-8"?>
<testsuite name="com.component.orders.contract.ContractTests" tests="5" skipped="0" failures="5" errors="0" timestamp="2025-02-01T07:06:37" hostname="Joels-MacBook-Pro-2.local" time="0.686">
  <properties/>
  <testcase name=" Scenario: POST /orders -&gt; 200" classname="com.component.orders.contract.ContractTests" time="0.341">
    <failure message="java.lang.AssertionError: Testing scenario &quot;createOrder&quot;&#10;API: POST /orders -&gt; 200&#10;&#10;  &gt;&gt; RESPONSE.STATUS&#10;  &#10;     Expected status 200, actual was status 400" type="java.lang.AssertionError">java.lang.AssertionError: Testing scenario &quot;createOrder&quot;
API: POST /orders -&gt; 200

  &gt;&gt; RESPONSE.STATUS
  
     Expected status 200, actual was status 400
	at io.specmatic.test.SpecmaticJUnitSupport$dynamicTestStream$1.invoke$lambda$1(SpecmaticJUnitSupport.kt:369)
	at java.base/java.util.Optional.ifPresent(Optional.java:178)
	at java.base/java.util.ArrayList.forEach(ArrayList.java:1511)
	at java.base/java.util.ArrayList.forEach(ArrayList.java:1511)
</failure>
  </testcase>
  <testcase name=" Scenario: POST /orders -&gt; 200" classname="com.component.orders.contract.ContractTests" time="0.018">
    <failure message="java.lang.AssertionError: Testing scenario &quot;createOrder&quot;&#10;API: POST /orders -&gt; 200&#10;&#10;  &gt;&gt; RESPONSE.STATUS&#10;  &#10;     Expected status 200, actual was status 400" type="java.lang.AssertionError">java.lang.AssertionError: Testing scenario &quot;createOrder&quot;
API: POST /orders -&gt; 200

  &gt;&gt; RESPONSE.STATUS
  
     Expected status 200, actual was status 400
	at io.specmatic.test.SpecmaticJUnitSupport$dynamicTestStream$1.invoke$lambda$1(SpecmaticJUnitSupport.kt:369)
	at java.base/java.util.Optional.ifPresent(Optional.java:178)
	at java.base/java.util.ArrayList.forEach(ArrayList.java:1511)
	at java.base/java.util.ArrayList.forEach(ArrayList.java:1511)
</failure>
  </testcase>
  <testcase name=" Scenario: POST /orders -&gt; 200" classname="com.component.orders.contract.ContractTests" time="0.016">
    <failure message="java.lang.AssertionError: Testing scenario &quot;createOrder&quot;&#10;API: POST /orders -&gt; 200&#10;&#10;  &gt;&gt; RESPONSE.STATUS&#10;  &#10;     Expected status 200, actual was status 400" type="java.lang.AssertionError">java.lang.AssertionError: Testing scenario &quot;createOrder&quot;
API: POST /orders -&gt; 200

  &gt;&gt; RESPONSE.STATUS
  
     Expected status 200, actual was status 400
	at io.specmatic.test.SpecmaticJUnitSupport$dynamicTestStream$1.invoke$lambda$1(SpecmaticJUnitSupport.kt:369)
	at java.base/java.util.Optional.ifPresent(Optional.java:178)
	at java.base/java.util.ArrayList.forEach(ArrayList.java:1511)
	at java.base/java.util.ArrayList.forEach(ArrayList.java:1511)
</failure>
  </testcase>
  <testcase name=" Scenario: POST /orders -&gt; 200" classname="com.component.orders.contract.ContractTests" time="0.015">
    <failure message="java.lang.AssertionError: Testing scenario &quot;createOrder&quot;&#10;API: POST /orders -&gt; 200&#10;&#10;  &gt;&gt; RESPONSE.STATUS&#10;  &#10;     Expected status 200, actual was status 400" type="java.lang.AssertionError">java.lang.AssertionError: Testing scenario &quot;createOrder&quot;
API: POST /orders -&gt; 200

  &gt;&gt; RESPONSE.STATUS
  
     Expected status 200, actual was status 400
	at io.specmatic.test.SpecmaticJUnitSupport$dynamicTestStream$1.invoke$lambda$1(SpecmaticJUnitSupport.kt:369)
	at java.base/java.util.Optional.ifPresent(Optional.java:178)
	at java.base/java.util.ArrayList.forEach(ArrayList.java:1511)
	at java.base/java.util.ArrayList.forEach(ArrayList.java:1511)
</failure>
  </testcase>
  <testcase name="executionError" classname="com.component.orders.contract.ContractTests" time="0.0">
    <failure message="org.opentest4j.AssertionFailedError: One or more API Coverage report's success criteria were not met." type="org.opentest4j.AssertionFailedError">org.opentest4j.AssertionFailedError: One or more API Coverage report's success criteria were not met.
	at app//io.specmatic.test.reports.OpenApiCoverageReportProcessor.assertSuccessCriteria(OpenApiCoverageReportProcessor.kt:93)
	at app//io.specmatic.test.reports.OpenApiCoverageReportProcessor.process(OpenApiCoverageReportProcessor.kt:39)
	at app//io.specmatic.test.SpecmaticJUnitSupport$Companion.report(SpecmaticJUnitSupport.kt:94)
	at app//io.specmatic.test.AfterSpecmaticContractTestExecutionCallback.afterTestExecution(SpecmaticContractTest.kt:22)
	at java.base@17.0.13/java.util.ArrayList.forEach(ArrayList.java:1511)
	at java.base@17.0.13/java.util.ArrayList.forEach(ArrayList.java:1511)
</failure>
  </testcase>
  <system-out><![CDATA[Loading config file /Users/joelrosario/Source/specmatic/sample-projects/specmatic-order-bff-wsdl/build/resources/test/specmatic.yaml
Looking for a contract repo checkout at: /Users/joelrosario/Source/specmatic/sample-projects/specmatic-order-bff-wsdl/.specmatic/repos/specmatic-order-contracts
Contract repo exists, is clean, and is up to date with remote.
Loading the following contracts:
.specmatic/repos/specmatic-order-contracts/io/specmatic/examples/store/wsdl/order_api.wsdl

  Loading stub expectations from ./src/test/resources/domain_service
  Reading the following stub files:
    ./src/test/resources/domain_service/stub_products_200.json
    ./src/test/resources/domain_service/stub_timeout.json
  ./src/test/resources/domain_service/stub_products_200.json didn't match any of the contracts
    No matching REST stub or contract found for method GET and path /products
  ./src/test/resources/domain_service/stub_timeout.json didn't match any of the contracts
    No matching REST stub or contract found for method GET and path /products

  .   ____          _            __ _ _
 /\\ / ___'_ __ _ _(_)_ __  __ _ \ \ \ \
( ( )\___ | '_ | '_| | '_ \/ _` | \ \ \ \
 \\/  ___)| |_)| | | | | || (_| |  ) ) ) )
  '  |____| .__|_| |_|_| |_\__, | / / / /
 =========|_|==============|___/=/_/_/_/

 :: Spring Boot ::                (v3.4.0)

Loading config file /Users/joelrosario/Source/specmatic/sample-projects/specmatic-order-bff-wsdl/build/resources/test/specmatic.yaml
Looking for a contract repo checkout at: /Users/joelrosario/Source/specmatic/sample-projects/specmatic-order-bff-wsdl/.specmatic/repos/specmatic-order-contracts
Contract repo exists, is clean, and is up to date with remote.


--------------------
  Request at 2025-2-1 0:36:38.20
    POST //orders
    Accept-Encoding: gzip
    Accept: text/xml, text/html, image/gif, image/jpeg, *; q=.2, */*; q=.2
    SOAPAction: ""
    Content-Type: text/xml; charset=utf-8
    Cache-Control: no-cache
    Pragma: no-cache
    User-Agent: Java/17.0.13
    Host: localhost:8090
    Connection: keep-alive
    Content-Length: 230
    
    <SOAP-ENV:Envelope xmlns:SOAP-ENV="http://schemas.xmlsoap.org/soap/envelope/"><SOAP-ENV:Header/><SOAP-ENV:Body><order><productid>462</productid><count>145</count><status>pending</status></order></SOAP-ENV:Body></SOAP-ENV:Envelope>

  Response at 2025-2-1 0:36:38.25
    400 Bad Request
    Content-Type: text/plain
    X-Specmatic-Result: failure
    X-Specmatic-Empty: true
    
    No matching SOAP stub or contract found for SOAPAction "" and path //orders


--------------------
  Request to http://localhost:8080 at 2025-2-1 0:36:38.52
    POST /orders
    SOAPAction: "http://www.example.com/orders/createOrder"
    Accept-Charset: UTF-8
    Accept: */*
    Content-Type: text/xml
    
    <soapenv:Envelope xmlns:soapenv="http://schemas.xmlsoap.org/soap/envelope/" xmlns:xsd="http://www.w3.org/2001/XMLSchema"><soapenv:Header/><soapenv:Body><OrderRequest><productid>462</productid><count>145</count></OrderRequest></soapenv:Body></soapenv:Envelope>

  Response at 2025-2-1 0:36:38.52
    400 Bad Request
    Content-Type: application/json
    Transfer-Encoding: chunked
    Date: Sat, 01 Feb 2025 07:06:38 GMT
    Connection: close
    
    {
        "timestamp": "2025-02-01T12:36:38.035352",
        "status": 400,
        "error": "An error occurred while processing the request",
        "message": "Bad Request [400]"
    }

 Scenario: POST /orders -> 200 has FAILED
Reason: Testing scenario "createOrder"
	API: POST /orders -> 200
	
	  >> RESPONSE.STATUS
	  
	     Expected status 200, actual was status 400



--------------------
  Request at 2025-2-1 0:36:38.93
    POST //orders
    Accept-Encoding: gzip
    Accept: text/xml, text/html, image/gif, image/jpeg, *; q=.2, */*; q=.2
    SOAPAction: ""
    Content-Type: text/xml; charset=utf-8
    Cache-Control: no-cache
    Pragma: no-cache
    User-Agent: Java/17.0.13
    Host: localhost:8090
    Connection: keep-alive
    Content-Length: 230
    
    <SOAP-ENV:Envelope xmlns:SOAP-ENV="http://schemas.xmlsoap.org/soap/envelope/"><SOAP-ENV:Header/><SOAP-ENV:Body><order><productid>327</productid><count>881</count><status>pending</status></order></SOAP-ENV:Body></SOAP-ENV:Envelope>

  Response at 2025-2-1 0:36:38.94
    400 Bad Request
    Content-Type: text/plain
    X-Specmatic-Result: failure
    X-Specmatic-Empty: true
    
    No matching SOAP stub or contract found for SOAPAction "" and path //orders


--------------------
  Request to http://localhost:8080 at 2025-2-1 0:36:38.98
    POST /orders
    SOAPAction: http://www.example.com/orders/createOrder
    Accept-Charset: UTF-8
    Accept: */*
    Content-Type: text/xml
    
    <soapenv:Envelope xmlns:soapenv="http://schemas.xmlsoap.org/soap/envelope/" xmlns:xsd="http://www.w3.org/2001/XMLSchema"><soapenv:Header/><soapenv:Body><OrderRequest><productid>327</productid><count>881</count></OrderRequest></soapenv:Body></soapenv:Envelope>

  Response at 2025-2-1 0:36:38.98
    400 Bad Request
    Content-Type: application/json
    Transfer-Encoding: chunked
    Date: Sat, 01 Feb 2025 07:06:38 GMT
    Connection: close
    
    {
        "timestamp": "2025-02-01T12:36:38.095974",
        "status": 400,
        "error": "An error occurred while processing the request",
        "message": "Bad Request [400]"
    }

 Scenario: POST /orders -> 200 has FAILED
Reason: Testing scenario "createOrder"
	API: POST /orders -> 200
	
	  >> RESPONSE.STATUS
	  
	     Expected status 200, actual was status 400



--------------------
  Request at 2025-2-1 0:36:38.109
    POST //orders
    Accept-Encoding: gzip
    Accept: text/xml, text/html, image/gif, image/jpeg, *; q=.2, */*; q=.2
    SOAPAction: ""
    Content-Type: text/xml; charset=utf-8
    Cache-Control: no-cache
    Pragma: no-cache
    User-Agent: Java/17.0.13
    Host: localhost:8090
    Connection: keep-alive
    Content-Length: 230
    
    <SOAP-ENV:Envelope xmlns:SOAP-ENV="http://schemas.xmlsoap.org/soap/envelope/"><SOAP-ENV:Header/><SOAP-ENV:Body><order><productid>969</productid><count>872</count><status>pending</status></order></SOAP-ENV:Body></SOAP-ENV:Envelope>

  Response at 2025-2-1 0:36:38.111
    400 Bad Request
    Content-Type: text/plain
    X-Specmatic-Result: failure
    X-Specmatic-Empty: true
    
    No matching SOAP stub or contract found for SOAPAction "" and path //orders


--------------------
  Request to http://localhost:8080 at 2025-2-1 0:36:38.114
    POST /orders
    SOAPAction: "http://www.example.com/orders/createOrder"
    Accept-Charset: UTF-8
    Accept: */*
    Content-Type: text/xml
    
    <soapenv:Envelope xmlns:soapenv="http://schemas.xmlsoap.org/soap/envelope/" xmlns:xsd="http://www.w3.org/2001/XMLSchema"><soapenv:Body><OrderRequest><productid>969</productid><count>872</count></OrderRequest></soapenv:Body></soapenv:Envelope>

  Response at 2025-2-1 0:36:38.114
    400 Bad Request
    Content-Type: application/json
    Transfer-Encoding: chunked
    Date: Sat, 01 Feb 2025 07:06:38 GMT
    Connection: close
    
    {
        "timestamp": "2025-02-01T12:36:38.1135",
        "status": 400,
        "error": "An error occurred while processing the request",
        "message": "Bad Request [400]"
    }

 Scenario: POST /orders -> 200 has FAILED
Reason: Testing scenario "createOrder"
	API: POST /orders -> 200
	
	  >> RESPONSE.STATUS
	  
	     Expected status 200, actual was status 400



--------------------
  Request at 2025-2-1 0:36:38.127
    POST //orders
    Accept-Encoding: gzip
    Accept: text/xml, text/html, image/gif, image/jpeg, *; q=.2, */*; q=.2
    SOAPAction: ""
    Content-Type: text/xml; charset=utf-8
    Cache-Control: no-cache
    Pragma: no-cache
    User-Agent: Java/17.0.13
    Host: localhost:8090
    Connection: keep-alive
    Content-Length: 230
    
    <SOAP-ENV:Envelope xmlns:SOAP-ENV="http://schemas.xmlsoap.org/soap/envelope/"><SOAP-ENV:Header/><SOAP-ENV:Body><order><productid>715</productid><count>671</count><status>pending</status></order></SOAP-ENV:Body></SOAP-ENV:Envelope>

  Response at 2025-2-1 0:36:38.128
    400 Bad Request
    Content-Type: text/plain
    X-Specmatic-Result: failure
    X-Specmatic-Empty: true
    
    No matching SOAP stub or contract found for SOAPAction "" and path //orders


--------------------
  Request to http://localhost:8080 at 2025-2-1 0:36:38.130
    POST /orders
    SOAPAction: http://www.example.com/orders/createOrder
    Accept-Charset: UTF-8
    Accept: */*
    Content-Type: text/xml
    
    <soapenv:Envelope xmlns:soapenv="http://schemas.xmlsoap.org/soap/envelope/" xmlns:xsd="http://www.w3.org/2001/XMLSchema"><soapenv:Body><OrderRequest><productid>715</productid><count>671</count></OrderRequest></soapenv:Body></soapenv:Envelope>

  Response at 2025-2-1 0:36:38.131
    400 Bad Request
    Content-Type: application/json
    Transfer-Encoding: chunked
    Date: Sat, 01 Feb 2025 07:06:38 GMT
    Connection: close
    
    {
        "timestamp": "2025-02-01T12:36:38.129648",
        "status": 400,
        "error": "An error occurred while processing the request",
        "message": "Bad Request [400]"
    }

 Scenario: POST /orders -> 200 has FAILED
Reason: Testing scenario "createOrder"
	API: POST /orders -> 200
	
	  >> RESPONSE.STATUS
	  
	     Expected status 200, actual was status 400


Generating HTML report...
Successfully generated HTML report in ./build/reports/specmatic/html

|--------------------------------------------------------------------------------------|
| SPECMATIC API COVERAGE SUMMARY                                                       |
|--------------------------------------------------------------------------------------|
| coverage | path                   | method | response | #exercised | result          |
|----------|------------------------|--------|----------|------------|-----------------|
| 50%      | /orders                | POST   | 400      | 0          | missing in spec |
|          |                        |        | 200      | 4          | covered         |
| 0%       | /products              | POST   | 0        | 0          | missing in spec |
| 0%       | /findAvailableProducts | GET    | 0        | 0          | missing in spec |
|--------------------------------------------------------------------------------------|
| 25% API Coverage reported from 3 Paths                                               |
|--------------------------------------------------------------------------------------|

2 paths found in the app are not documented in the spec.
1 path found in the app is partially documented in the spec.

Saving Open API Coverage Report json to ./build/reports/specmatic ...

Failed the following API Coverage Report success criteria:
Total API coverage: 25% is less than the specified minimum threshold of 70%.
Total missed endpoints count: 2 is greater than the maximum threshold of 0.
(Note: Specmatic will consider an endpoint as 'covered' only if it is documented in the open api spec with at least one example for each operation and response code.
If it is present in the spec, but does not have an example, Specmatic will still report the particular operation and response code as 'missing in spec'.)

Saving Stub Usage Report json to ./build/reports/specmatic ...
]]></system-out>
  <system-err><![CDATA[Feb 01, 2025 12:36:35 PM org.apache.catalina.core.StandardService startInternal
INFO: Starting service [Tomcat]
Feb 01, 2025 12:36:35 PM org.apache.catalina.core.StandardEngine startInternal
INFO: Starting Servlet engine: [Apache Tomcat/10.1.33]
Feb 01, 2025 12:36:35 PM org.apache.catalina.core.ApplicationContext log
INFO: Initializing Spring embedded WebApplicationContext
Feb 01, 2025 12:36:37 PM org.apache.catalina.core.ApplicationContext log
INFO: Initializing Spring DispatcherServlet 'dispatcherServlet'
]]></system-err>
</testsuite>
